{
  "stats": {
    "suites": 1,
    "tests": 1,
    "passes": 1,
    "pending": 0,
    "failures": 0,
    "start": "2026-01-13T20:10:29.655Z",
    "end": "2026-01-13T20:10:37.110Z",
    "duration": 7455,
    "testsRegistered": 1,
    "passPercent": 100,
    "pendingPercent": 0,
    "other": 0,
    "hasOther": false,
    "skipped": 0,
    "hasSkipped": false
  },
  "results": [
    {
      "uuid": "f8450d47-4520-43b3-8e5d-69077fe9f75f",
      "title": "",
      "fullFile": "cypress/e2e/cadastroTest.cy.js",
      "file": "cypress/e2e/cadastroTest.cy.js",
      "beforeHooks": [],
      "afterHooks": [],
      "tests": [],
      "suites": [
        {
          "uuid": "3634ebfd-9864-4402-a458-882ff92bb2d6",
          "title": "Cadastro na versão web - EBAC Shop",
          "fullFile": "",
          "file": "",
          "beforeHooks": [],
          "afterHooks": [],
          "tests": [
            {
              "title": "Deve cadastrar um novo usuário com Faker",
              "fullTitle": "Cadastro na versão web - EBAC Shop Deve cadastrar um novo usuário com Faker",
              "timedOut": null,
              "duration": 7393,
              "state": "passed",
              "speed": "medium",
              "pass": true,
              "fail": false,
              "pending": false,
              "context": null,
              "code": "const dados = _cadastro.cadastroPage.gerarDados();\n_cadastro.cadastroPage.abrirTela() / _cadastro.cadastroPage.cadastrar(dados.email, dados.password);",
              "err": {},
              "uuid": "3e127588-9cdf-42f7-bb24-f79730060c20",
              "parentUUID": "3634ebfd-9864-4402-a458-882ff92bb2d6",
              "isHook": false,
              "skipped": false
            }
          ],
          "suites": [],
          "passes": [
            "3e127588-9cdf-42f7-bb24-f79730060c20"
          ],
          "failures": [],
          "pending": [],
          "skipped": [],
          "duration": 7393,
          "root": false,
          "rootEmpty": false,
          "_timeout": 2000
        }
      ],
      "passes": [],
      "failures": [],
      "pending": [],
      "skipped": [],
      "duration": 0,
      "root": true,
      "rootEmpty": true,
      "_timeout": 2000
    }
  ],
  "meta": {
    "mocha": {
      "version": "7.2.0"
    },
    "mochawesome": {
      "options": {
        "quiet": false,
        "reportFilename": "mochawesome",
        "saveHtml": false,
        "saveJson": true,
        "consoleReporter": "spec",
        "useInlineDiffs": false,
        "code": true
      },
      "version": "7.1.4"
    },
    "marge": {
      "options": {
        "reportDir": "mochawesome-report",
        "overwrite": false,
        "html": false,
        "json": true
      },
      "version": "6.3.2"
    }
  }
}