{
  "stats": {
    "suites": 1,
    "tests": 1,
    "passes": 1,
    "pending": 0,
    "failures": 0,
    "start": "2026-01-13T20:11:37.982Z",
    "end": "2026-01-13T20:11:45.644Z",
    "duration": 7662,
    "testsRegistered": 1,
    "passPercent": 100,
    "pendingPercent": 0,
    "other": 0,
    "hasOther": false,
    "skipped": 0,
    "hasSkipped": false
  },
  "results": [
    {
      "uuid": "764cf08c-2370-4358-8087-ae3d319f687a",
      "title": "",
      "fullFile": "cypress/e2e/loginTest.cy.js",
      "file": "cypress/e2e/loginTest.cy.js",
      "beforeHooks": [],
      "afterHooks": [],
      "tests": [],
      "suites": [
        {
          "uuid": "db42de64-3e4b-421f-9eba-602a5ca8f021",
          "title": "Teste de Autenticação - V1",
          "fullFile": "",
          "file": "",
          "beforeHooks": [],
          "afterHooks": [],
          "tests": [
            {
              "title": "deve fazer o login com sucesso",
              "fullTitle": "Teste de Autenticação - V1 deve fazer o login com sucesso",
              "timedOut": null,
              "duration": 7620,
              "state": "passed",
              "speed": "medium",
              "pass": true,
              "fail": false,
              "pending": false,
              "context": null,
              "code": "loginPage.login(email, senha);\ncy.url().should('include', '/my-account');\ncy.contains('Olá').should('be.visible');",
              "err": {},
              "uuid": "3af11bf4-bee2-41af-a44b-e683f50d1f8e",
              "parentUUID": "db42de64-3e4b-421f-9eba-602a5ca8f021",
              "isHook": false,
              "skipped": false
            }
          ],
          "suites": [],
          "passes": [
            "3af11bf4-bee2-41af-a44b-e683f50d1f8e"
          ],
          "failures": [],
          "pending": [],
          "skipped": [],
          "duration": 7620,
          "root": false,
          "rootEmpty": false,
          "_timeout": 2000
        }
      ],
      "passes": [],
      "failures": [],
      "pending": [],
      "skipped": [],
      "duration": 0,
      "root": true,
      "rootEmpty": true,
      "_timeout": 2000
    }
  ],
  "meta": {
    "mocha": {
      "version": "7.2.0"
    },
    "mochawesome": {
      "options": {
        "quiet": false,
        "reportFilename": "mochawesome",
        "saveHtml": false,
        "saveJson": true,
        "consoleReporter": "spec",
        "useInlineDiffs": false,
        "code": true
      },
      "version": "7.1.4"
    },
    "marge": {
      "options": {
        "reportDir": "mochawesome-report",
        "overwrite": false,
        "html": false,
        "json": true
      },
      "version": "6.3.2"
    }
  }
}