{
  "stats": {
    "suites": 1,
    "tests": 1,
    "passes": 1,
    "pending": 0,
    "failures": 0,
    "start": "2026-01-13T19:55:00.166Z",
    "end": "2026-01-13T19:55:13.298Z",
    "duration": 13132,
    "testsRegistered": 1,
    "passPercent": 100,
    "pendingPercent": 0,
    "other": 0,
    "hasOther": false,
    "skipped": 0,
    "hasSkipped": false
  },
  "results": [
    {
      "uuid": "91ca49cd-7ee5-4746-a341-a8b9bb4f6893",
      "title": "",
      "fullFile": "cypress\\e2e\\cartRemoveIntercept.cy.js",
      "file": "cypress\\e2e\\cartRemoveIntercept.cy.js",
      "beforeHooks": [],
      "afterHooks": [],
      "tests": [],
      "suites": [
        {
          "uuid": "e793f441-b529-4e0e-9b4a-2010ee21e86c",
          "title": "Carrinho - Remove Item com Intercept API (V1)",
          "fullFile": "",
          "file": "",
          "beforeHooks": [],
          "afterHooks": [],
          "tests": [
            {
              "title": "Deve remover produto do carrinho validando a API com intercept",
              "fullTitle": "Carrinho - Remove Item com Intercept API (V1) Deve remover produto do carrinho validando a API com intercept",
              "timedOut": null,
              "duration": 13081,
              "state": "passed",
              "speed": "slow",
              "pass": true,
              "fail": false,
              "pending": false,
              "context": null,
              "code": "const idProduto = 4104;\nconst nomeProduto = 'Ingrid Running Jacket';\nhomePage.selecionarProduto(idProduto);\nprodutoPage.selecionarTamanho('XS');\nprodutoPage.selecionarCor('White');\ncy.intercept('POST', '**/admin-ajax.php').as('addCart');\nprodutoPage.adicionarAoCarrinho();\ncy.wait('@addCart').its('response.statusCode').should('eq', 200);\nprodutoPage.validarMensagemCarrinho(nomeProduto);\nCarrinhoPage.verCarrinho();\nCarrinhoPage.validarProdutoCarrinho('Ingrid Running Jacket - XS, White');\ncy.intercept('GET', '**/carrinho/?remove_item=*').as('removeItem');\ncy.get('form.woocommerce-cart-form').find('a.remove').first().click({\n  force: true\n});\ncy.wait('@removeItem').its('response.statusCode').should('be.oneOf', [200, 302]);\ncy.contains('Seu carrinho está vazio').should('be.visible');",
              "err": {},
              "uuid": "3a09802a-b584-46b3-9bae-44bb63933d63",
              "parentUUID": "e793f441-b529-4e0e-9b4a-2010ee21e86c",
              "isHook": false,
              "skipped": false
            }
          ],
          "suites": [],
          "passes": [
            "3a09802a-b584-46b3-9bae-44bb63933d63"
          ],
          "failures": [],
          "pending": [],
          "skipped": [],
          "duration": 13081,
          "root": false,
          "rootEmpty": false,
          "_timeout": 2000
        }
      ],
      "passes": [],
      "failures": [],
      "pending": [],
      "skipped": [],
      "duration": 0,
      "root": true,
      "rootEmpty": true,
      "_timeout": 2000
    }
  ],
  "meta": {
    "mocha": {
      "version": "7.2.0"
    },
    "mochawesome": {
      "options": {
        "quiet": false,
        "reportFilename": "mochawesome",
        "saveHtml": false,
        "saveJson": true,
        "consoleReporter": "spec",
        "useInlineDiffs": false,
        "code": true
      },
      "version": "7.1.4"
    },
    "marge": {
      "options": {
        "reportDir": "mochawesome-report",
        "overwrite": false,
        "html": false,
        "json": true
      },
      "version": "6.3.2"
    }
  }
}