{
  "stats": {
    "suites": 1,
    "tests": 1,
    "passes": 1,
    "pending": 0,
    "failures": 0,
    "start": "2026-01-13T20:11:02.972Z",
    "end": "2026-01-13T20:11:18.452Z",
    "duration": 15480,
    "testsRegistered": 1,
    "passPercent": 100,
    "pendingPercent": 0,
    "other": 0,
    "hasOther": false,
    "skipped": 0,
    "hasSkipped": false
  },
  "results": [
    {
      "uuid": "9123c035-3a38-4238-8db5-cb633bbce4c8",
      "title": "",
      "fullFile": "cypress/e2e/cartIntercept.cy.js",
      "file": "cypress/e2e/cartIntercept.cy.js",
      "beforeHooks": [],
      "afterHooks": [],
      "tests": [],
      "suites": [
        {
          "uuid": "0a1b4640-733e-4ce2-b8fb-b5b0bef1cced",
          "title": "Carrinho - Intercept API (V1)",
          "fullFile": "",
          "file": "",
          "beforeHooks": [],
          "afterHooks": [],
          "tests": [
            {
              "title": "Deve adicionar produto ao carrinho validando a API com intercept",
              "fullTitle": "Carrinho - Intercept API (V1) Deve adicionar produto ao carrinho validando a API com intercept",
              "timedOut": null,
              "duration": 15425,
              "state": "passed",
              "speed": "slow",
              "pass": true,
              "fail": false,
              "pending": false,
              "context": null,
              "code": "const idProduto = 4104;\nconst nomeProduto = 'Ingrid Running Jacket';\nhomePage.selecionarProduto(idProduto);\nprodutoPage.selecionarTamanho('XS');\nprodutoPage.selecionarCor('White');\ncy.intercept('POST', '**/admin-ajax.php').as('addCart');\nprodutoPage.adicionarAoCarrinho();\ncy.wait('@addCart').then(intercept => {\n  expect(intercept.response.statusCode).to.eq(200);\n  expect(intercept.response.body).to.exist;\n});\nprodutoPage.validarMensagemCarrinho(nomeProduto);\nCarrinhoPage.verCarrinho();\nCarrinhoPage.validarProdutoCarrinho('Ingrid Running Jacket - XS, White');",
              "err": {},
              "uuid": "72a157c7-beab-4171-a7ca-040d5050e780",
              "parentUUID": "0a1b4640-733e-4ce2-b8fb-b5b0bef1cced",
              "isHook": false,
              "skipped": false
            }
          ],
          "suites": [],
          "passes": [
            "72a157c7-beab-4171-a7ca-040d5050e780"
          ],
          "failures": [],
          "pending": [],
          "skipped": [],
          "duration": 15425,
          "root": false,
          "rootEmpty": false,
          "_timeout": 2000
        }
      ],
      "passes": [],
      "failures": [],
      "pending": [],
      "skipped": [],
      "duration": 0,
      "root": true,
      "rootEmpty": true,
      "_timeout": 2000
    }
  ],
  "meta": {
    "mocha": {
      "version": "7.2.0"
    },
    "mochawesome": {
      "options": {
        "quiet": false,
        "reportFilename": "mochawesome",
        "saveHtml": false,
        "saveJson": true,
        "consoleReporter": "spec",
        "useInlineDiffs": false,
        "code": true
      },
      "version": "7.1.4"
    },
    "marge": {
      "options": {
        "reportDir": "mochawesome-report",
        "overwrite": false,
        "html": false,
        "json": true
      },
      "version": "6.3.2"
    }
  }
}