{
  "stats": {
    "suites": 1,
    "tests": 1,
    "passes": 1,
    "pending": 0,
    "failures": 0,
    "start": "2026-01-16T18:07:52.999Z",
    "end": "2026-01-16T18:08:04.275Z",
    "duration": 11276,
    "testsRegistered": 1,
    "passPercent": 100,
    "pendingPercent": 0,
    "other": 0,
    "hasOther": false,
    "skipped": 0,
    "hasSkipped": false
  },
  "results": [
    {
      "uuid": "15c7737a-b2f4-4806-ba72-e08f85104341",
      "title": "",
      "fullFile": "cypress\\e2e\\cartRemoveIntercept.cy.js",
      "file": "cypress\\e2e\\cartRemoveIntercept.cy.js",
      "beforeHooks": [],
      "afterHooks": [],
      "tests": [],
      "suites": [
        {
          "uuid": "89ad6bd0-58db-415d-85a5-b5be5dfa7d0b",
          "title": "Carrinho - Remove Item com Intercept API (V1)",
          "fullFile": "",
          "file": "",
          "beforeHooks": [],
          "afterHooks": [],
          "tests": [
            {
              "title": "Deve remover produto do carrinho validando a API com intercept",
              "fullTitle": "Carrinho - Remove Item com Intercept API (V1) Deve remover produto do carrinho validando a API com intercept",
              "timedOut": null,
              "duration": 11224,
              "state": "passed",
              "speed": "slow",
              "pass": true,
              "fail": false,
              "pending": false,
              "context": null,
              "code": "const idProduto = 4104;\nconst nomeProduto = 'Ingrid Running Jacket';\nhomePage.selecionarProduto(idProduto);\nprodutoPage.selecionarTamanho('XS');\nprodutoPage.selecionarCor('White');\ncy.intercept('POST', '**/admin-ajax.php').as('addCart');\nprodutoPage.adicionarAoCarrinho();\ncy.wait('@addCart').its('response.statusCode').should('eq', 200);\nprodutoPage.validarMensagemCarrinho(nomeProduto);\nCarrinhoPage.verCarrinho();\nCarrinhoPage.validarProdutoCarrinho('Ingrid Running Jacket - XS, White');\ncy.intercept('GET', '**/carrinho/?remove_item=*').as('removeItem');\ncy.get('form.woocommerce-cart-form').find('a.remove').first().click({\n  force: true\n});\ncy.wait('@removeItem').its('response.statusCode').should('be.oneOf', [200, 302]);\ncy.contains('Seu carrinho está vazio').should('be.visible');",
              "err": {},
              "uuid": "d6c8c9b7-7255-4907-9588-32b62a4fac4d",
              "parentUUID": "89ad6bd0-58db-415d-85a5-b5be5dfa7d0b",
              "isHook": false,
              "skipped": false
            }
          ],
          "suites": [],
          "passes": [
            "d6c8c9b7-7255-4907-9588-32b62a4fac4d"
          ],
          "failures": [],
          "pending": [],
          "skipped": [],
          "duration": 11224,
          "root": false,
          "rootEmpty": false,
          "_timeout": 2000
        }
      ],
      "passes": [],
      "failures": [],
      "pending": [],
      "skipped": [],
      "duration": 0,
      "root": true,
      "rootEmpty": true,
      "_timeout": 2000
    }
  ],
  "meta": {
    "mocha": {
      "version": "7.2.0"
    },
    "mochawesome": {
      "options": {
        "quiet": false,
        "reportFilename": "mochawesome",
        "saveHtml": false,
        "saveJson": true,
        "consoleReporter": "spec",
        "useInlineDiffs": false,
        "code": true
      },
      "version": "7.1.4"
    },
    "marge": {
      "options": {
        "reportDir": "mochawesome-report",
        "overwrite": false,
        "html": false,
        "json": true
      },
      "version": "6.3.2"
    }
  }
}