{
  "stats": {
    "suites": 1,
    "tests": 1,
    "passes": 1,
    "pending": 0,
    "failures": 0,
    "start": "2026-01-16T18:08:05.602Z",
    "end": "2026-01-16T18:08:10.412Z",
    "duration": 4810,
    "testsRegistered": 1,
    "passPercent": 100,
    "pendingPercent": 0,
    "other": 0,
    "hasOther": false,
    "skipped": 0,
    "hasSkipped": false
  },
  "results": [
    {
      "uuid": "aef2c234-7443-4ca7-8503-38d5d1b7b3b8",
      "title": "",
      "fullFile": "cypress\\e2e\\loginTest.cy.js",
      "file": "cypress\\e2e\\loginTest.cy.js",
      "beforeHooks": [],
      "afterHooks": [],
      "tests": [],
      "suites": [
        {
          "uuid": "d8611ff3-2a75-4710-9a6b-c441feb439c8",
          "title": "Teste de Autenticação - V1",
          "fullFile": "",
          "file": "",
          "beforeHooks": [],
          "afterHooks": [],
          "tests": [
            {
              "title": "deve fazer o login com sucesso",
              "fullTitle": "Teste de Autenticação - V1 deve fazer o login com sucesso",
              "timedOut": null,
              "duration": 4775,
              "state": "passed",
              "speed": "fast",
              "pass": true,
              "fail": false,
              "pending": false,
              "context": null,
              "code": "loginPage.login(email, senha);\ncy.url().should('include', '/my-account');\ncy.contains('Olá').should('be.visible');",
              "err": {},
              "uuid": "c12d18ca-3bd3-4b42-bff8-c19a57ec3324",
              "parentUUID": "d8611ff3-2a75-4710-9a6b-c441feb439c8",
              "isHook": false,
              "skipped": false
            }
          ],
          "suites": [],
          "passes": [
            "c12d18ca-3bd3-4b42-bff8-c19a57ec3324"
          ],
          "failures": [],
          "pending": [],
          "skipped": [],
          "duration": 4775,
          "root": false,
          "rootEmpty": false,
          "_timeout": 2000
        }
      ],
      "passes": [],
      "failures": [],
      "pending": [],
      "skipped": [],
      "duration": 0,
      "root": true,
      "rootEmpty": true,
      "_timeout": 2000
    }
  ],
  "meta": {
    "mocha": {
      "version": "7.2.0"
    },
    "mochawesome": {
      "options": {
        "quiet": false,
        "reportFilename": "mochawesome",
        "saveHtml": false,
        "saveJson": true,
        "consoleReporter": "spec",
        "useInlineDiffs": false,
        "code": true
      },
      "version": "7.1.4"
    },
    "marge": {
      "options": {
        "reportDir": "mochawesome-report",
        "overwrite": false,
        "html": false,
        "json": true
      },
      "version": "6.3.2"
    }
  }
}