{
  "stats": {
    "suites": 1,
    "tests": 1,
    "passes": 1,
    "pending": 0,
    "failures": 0,
    "start": "2026-01-16T18:07:19.552Z",
    "end": "2026-01-16T18:07:34.422Z",
    "duration": 14870,
    "testsRegistered": 1,
    "passPercent": 100,
    "pendingPercent": 0,
    "other": 0,
    "hasOther": false,
    "skipped": 0,
    "hasSkipped": false
  },
  "results": [
    {
      "uuid": "e1fa4c23-f980-4f5b-9a81-da486e7619f3",
      "title": "",
      "fullFile": "cypress\\e2e\\carrinhoCheckout.cy.js",
      "file": "cypress\\e2e\\carrinhoCheckout.cy.js",
      "beforeHooks": [],
      "afterHooks": [],
      "tests": [],
      "suites": [
        {
          "uuid": "007c5a2b-71d5-4c5e-ba55-160f68bae70a",
          "title": "Fluxo completo: Cadastro, Carrinho e Checkout - Web",
          "fullFile": "",
          "file": "",
          "beforeHooks": [],
          "afterHooks": [],
          "tests": [
            {
              "title": "Deve cadastrar usuário, adicionar produto ao carrinho e finalizar compra",
              "fullTitle": "Fluxo completo: Cadastro, Carrinho e Checkout - Web Deve cadastrar usuário, adicionar produto ao carrinho e finalizar compra",
              "timedOut": null,
              "duration": 14827,
              "state": "passed",
              "speed": "slow",
              "pass": true,
              "fail": false,
              "pending": false,
              "context": null,
              "code": "_cadastro.cadastroPage.abrirTela();\nconst dados = _cadastro.cadastroPage.gerarDados();\n_cadastro.cadastroPage.cadastrar(dados.email, dados.password);\n_home.homePage.abrirHome();\n_home.homePage.selecionarProduto(4104, 0);\n_produto.default.selecionarTamanho('XS');\n_produto.default.selecionarCor('White');\n_produto.default.adicionarAoCarrinho();\n_produto.default.validarMensagemCarrinho('Ingrid Running Jacket', 1) / _carrinho.default.verCarrinho();\n_carrinho.default.validarProdutoCarrinho('Ingrid Running Jacket - XS, White');\n_carrinho.default.concluirCompra();\n_checkout.default.preencherCheckout({\n  nome: 'Jose',\n  sobrenome: 'Santos',\n  endereco: 'Rua Exemplo, 123',\n  cidade: 'São Paulo',\n  cep: '01234-567',\n  telefone: '11999999999',\n  email: dados.email\n});\n_checkout.default.selecionarPagamentoNaEntrega();\n_checkout.default.aceitarTermosPrivacidade();\n_checkout.default.finalizarPedido();\n_checkout.default.validarPedidoRecebido();",
              "err": {},
              "uuid": "c512d405-5a6c-4b84-aaf7-83e06a3f4e99",
              "parentUUID": "007c5a2b-71d5-4c5e-ba55-160f68bae70a",
              "isHook": false,
              "skipped": false
            }
          ],
          "suites": [],
          "passes": [
            "c512d405-5a6c-4b84-aaf7-83e06a3f4e99"
          ],
          "failures": [],
          "pending": [],
          "skipped": [],
          "duration": 14827,
          "root": false,
          "rootEmpty": false,
          "_timeout": 2000
        }
      ],
      "passes": [],
      "failures": [],
      "pending": [],
      "skipped": [],
      "duration": 0,
      "root": true,
      "rootEmpty": true,
      "_timeout": 2000
    }
  ],
  "meta": {
    "mocha": {
      "version": "7.2.0"
    },
    "mochawesome": {
      "options": {
        "quiet": false,
        "reportFilename": "mochawesome",
        "saveHtml": false,
        "saveJson": true,
        "consoleReporter": "spec",
        "useInlineDiffs": false,
        "code": true
      },
      "version": "7.1.4"
    },
    "marge": {
      "options": {
        "reportDir": "mochawesome-report",
        "overwrite": false,
        "html": false,
        "json": true
      },
      "version": "6.3.2"
    }
  }
}