{
  "stats": {
    "suites": 1,
    "tests": 1,
    "passes": 1,
    "pending": 0,
    "failures": 0,
    "start": "2026-01-16T18:07:11.304Z",
    "end": "2026-01-16T18:07:15.902Z",
    "duration": 4598,
    "testsRegistered": 1,
    "passPercent": 100,
    "pendingPercent": 0,
    "other": 0,
    "hasOther": false,
    "skipped": 0,
    "hasSkipped": false
  },
  "results": [
    {
      "uuid": "da8d8ae1-2381-4a21-863f-c2d550510cf3",
      "title": "",
      "fullFile": "cypress\\e2e\\cadastroTest.cy.js",
      "file": "cypress\\e2e\\cadastroTest.cy.js",
      "beforeHooks": [],
      "afterHooks": [],
      "tests": [],
      "suites": [
        {
          "uuid": "b2c217fe-88be-4d61-88a9-df914fa33444",
          "title": "Cadastro na versão web - EBAC Shop",
          "fullFile": "",
          "file": "",
          "beforeHooks": [],
          "afterHooks": [],
          "tests": [
            {
              "title": "Deve cadastrar um novo usuário com Faker",
              "fullTitle": "Cadastro na versão web - EBAC Shop Deve cadastrar um novo usuário com Faker",
              "timedOut": null,
              "duration": 4549,
              "state": "passed",
              "speed": "fast",
              "pass": true,
              "fail": false,
              "pending": false,
              "context": null,
              "code": "const dados = _cadastro.cadastroPage.gerarDados();\n_cadastro.cadastroPage.abrirTela() / _cadastro.cadastroPage.cadastrar(dados.email, dados.password);",
              "err": {},
              "uuid": "9218c727-d79b-4d20-af33-ca3d8d24b342",
              "parentUUID": "b2c217fe-88be-4d61-88a9-df914fa33444",
              "isHook": false,
              "skipped": false
            }
          ],
          "suites": [],
          "passes": [
            "9218c727-d79b-4d20-af33-ca3d8d24b342"
          ],
          "failures": [],
          "pending": [],
          "skipped": [],
          "duration": 4549,
          "root": false,
          "rootEmpty": false,
          "_timeout": 2000
        }
      ],
      "passes": [],
      "failures": [],
      "pending": [],
      "skipped": [],
      "duration": 0,
      "root": true,
      "rootEmpty": true,
      "_timeout": 2000
    }
  ],
  "meta": {
    "mocha": {
      "version": "7.2.0"
    },
    "mochawesome": {
      "options": {
        "quiet": false,
        "reportFilename": "mochawesome",
        "saveHtml": false,
        "saveJson": true,
        "consoleReporter": "spec",
        "useInlineDiffs": false,
        "code": true
      },
      "version": "7.1.4"
    },
    "marge": {
      "options": {
        "reportDir": "mochawesome-report",
        "overwrite": false,
        "html": false,
        "json": true
      },
      "version": "6.3.2"
    }
  }
}