{
  "stats": {
    "suites": 1,
    "tests": 1,
    "passes": 1,
    "pending": 0,
    "failures": 0,
    "start": "2026-01-13T19:54:44.658Z",
    "end": "2026-01-13T19:54:58.699Z",
    "duration": 14041,
    "testsRegistered": 1,
    "passPercent": 100,
    "pendingPercent": 0,
    "other": 0,
    "hasOther": false,
    "skipped": 0,
    "hasSkipped": false
  },
  "results": [
    {
      "uuid": "71ad22a3-f20d-46eb-a283-1f9733dedaf7",
      "title": "",
      "fullFile": "cypress\\e2e\\cartIntercept.cy.js",
      "file": "cypress\\e2e\\cartIntercept.cy.js",
      "beforeHooks": [],
      "afterHooks": [],
      "tests": [],
      "suites": [
        {
          "uuid": "172f6d03-a6e6-4f7b-b671-c478d63e53ab",
          "title": "Carrinho - Intercept API (V1)",
          "fullFile": "",
          "file": "",
          "beforeHooks": [],
          "afterHooks": [],
          "tests": [
            {
              "title": "Deve adicionar produto ao carrinho validando a API com intercept",
              "fullTitle": "Carrinho - Intercept API (V1) Deve adicionar produto ao carrinho validando a API com intercept",
              "timedOut": null,
              "duration": 13995,
              "state": "passed",
              "speed": "slow",
              "pass": true,
              "fail": false,
              "pending": false,
              "context": null,
              "code": "const idProduto = 4104;\nconst nomeProduto = 'Ingrid Running Jacket';\nhomePage.selecionarProduto(idProduto);\nprodutoPage.selecionarTamanho('XS');\nprodutoPage.selecionarCor('White');\ncy.intercept('POST', '**/admin-ajax.php').as('addCart');\nprodutoPage.adicionarAoCarrinho();\ncy.wait('@addCart').then(intercept => {\n  expect(intercept.response.statusCode).to.eq(200);\n  expect(intercept.response.body).to.exist;\n});\nprodutoPage.validarMensagemCarrinho(nomeProduto);\nCarrinhoPage.verCarrinho();\nCarrinhoPage.validarProdutoCarrinho('Ingrid Running Jacket - XS, White');",
              "err": {},
              "uuid": "12e2d263-0e7c-4e7d-8b87-1c5ee8a6c0ec",
              "parentUUID": "172f6d03-a6e6-4f7b-b671-c478d63e53ab",
              "isHook": false,
              "skipped": false
            }
          ],
          "suites": [],
          "passes": [
            "12e2d263-0e7c-4e7d-8b87-1c5ee8a6c0ec"
          ],
          "failures": [],
          "pending": [],
          "skipped": [],
          "duration": 13995,
          "root": false,
          "rootEmpty": false,
          "_timeout": 2000
        }
      ],
      "passes": [],
      "failures": [],
      "pending": [],
      "skipped": [],
      "duration": 0,
      "root": true,
      "rootEmpty": true,
      "_timeout": 2000
    }
  ],
  "meta": {
    "mocha": {
      "version": "7.2.0"
    },
    "mochawesome": {
      "options": {
        "quiet": false,
        "reportFilename": "mochawesome",
        "saveHtml": false,
        "saveJson": true,
        "consoleReporter": "spec",
        "useInlineDiffs": false,
        "code": true
      },
      "version": "7.1.4"
    },
    "marge": {
      "options": {
        "reportDir": "mochawesome-report",
        "overwrite": false,
        "html": false,
        "json": true
      },
      "version": "6.3.2"
    }
  }
}